Determining if the pthread_create exist failed with the following output:
Change Dir: /home/sohan/scara_ws/build/scara_ikfast_scara_arm_plugin/CMakeFiles/CMakeTmp

Run Build Command:"/usr/bin/make" "cmTC_330ed/fast"
/usr/bin/make -f CMakeFiles/cmTC_330ed.dir/build.make CMakeFiles/cmTC_330ed.dir/build
make[1]: Entering directory '/home/sohan/scara_ws/build/scara_ikfast_scara_arm_plugin/CMakeFiles/CMakeTmp'
Building C object CMakeFiles/cmTC_330ed.dir/CheckSymbolExists.c.o
/usr/bin/cc     -o CMakeFiles/cmTC_330ed.dir/CheckSymbolExists.c.o   -c /home/sohan/scara_ws/build/scara_ikfast_scara_arm_plugin/CMakeFiles/CMakeTmp/CheckSymbolExists.c
Linking C executable cmTC_330ed
/usr/bin/cmake -E cmake_link_script CMakeFiles/cmTC_330ed.dir/link.txt --verbose=1
/usr/bin/cc       CMakeFiles/cmTC_330ed.dir/CheckSymbolExists.c.o  -o cmTC_330ed -rdynamic 
CMakeFiles/cmTC_330ed.dir/CheckSymbolExists.c.o: In function `main':
CheckSymbolExists.c:(.text+0x16): undefined reference to `pthread_create'
collect2: error: ld returned 1 exit status
CMakeFiles/cmTC_330ed.dir/build.make:97: recipe for target 'cmTC_330ed' failed
make[1]: *** [cmTC_330ed] Error 1
make[1]: Leaving directory '/home/sohan/scara_ws/build/scara_ikfast_scara_arm_plugin/CMakeFiles/CMakeTmp'
Makefile:126: recipe for target 'cmTC_330ed/fast' failed
make: *** [cmTC_330ed/fast] Error 2

File /home/sohan/scara_ws/build/scara_ikfast_scara_arm_plugin/CMakeFiles/CMakeTmp/CheckSymbolExists.c:
/* */
#include <pthread.h>

int main(int argc, char** argv)
{
  (void)argv;
#ifndef pthread_create
  return ((int*)(&pthread_create))[argc];
#else
  (void)argc;
  return 0;
#endif
}

Determining if the function pthread_create exists in the pthreads failed with the following output:
Change Dir: /home/sohan/scara_ws/build/scara_ikfast_scara_arm_plugin/CMakeFiles/CMakeTmp

Run Build Command:"/usr/bin/make" "cmTC_ccf64/fast"
/usr/bin/make -f CMakeFiles/cmTC_ccf64.dir/build.make CMakeFiles/cmTC_ccf64.dir/build
make[1]: Entering directory '/home/sohan/scara_ws/build/scara_ikfast_scara_arm_plugin/CMakeFiles/CMakeTmp'
Building C object CMakeFiles/cmTC_ccf64.dir/CheckFunctionExists.c.o
/usr/bin/cc    -DCHECK_FUNCTION_EXISTS=pthread_create   -o CMakeFiles/cmTC_ccf64.dir/CheckFunctionExists.c.o   -c /usr/share/cmake-3.5/Modules/CheckFunctionExists.c
Linking C executable cmTC_ccf64
/usr/bin/cmake -E cmake_link_script CMakeFiles/cmTC_ccf64.dir/link.txt --verbose=1
/usr/bin/cc   -DCHECK_FUNCTION_EXISTS=pthread_create    CMakeFiles/cmTC_ccf64.dir/CheckFunctionExists.c.o  -o cmTC_ccf64 -rdynamic -lpthreads 
/usr/bin/ld: cannot find -lpthreads
collect2: error: ld returned 1 exit status
CMakeFiles/cmTC_ccf64.dir/build.make:97: recipe for target 'cmTC_ccf64' failed
make[1]: *** [cmTC_ccf64] Error 1
make[1]: Leaving directory '/home/sohan/scara_ws/build/scara_ikfast_scara_arm_plugin/CMakeFiles/CMakeTmp'
Makefile:126: recipe for target 'cmTC_ccf64/fast' failed
make: *** [cmTC_ccf64/fast] Error 2


